<?xml version="1.0" encoding="UTF-8"?>
<!-- Generated by org.testng.reporters.JUnitXMLReporter -->
<testsuite ignored="0" hostname="DESKTOP-NH20ML0" failures="0" tests="5" name="Default test" time="29.869" errors="0" timestamp="2022-08-25T04:36:32 BDT">
  <testcase classname="com.costa.luiz.testng.AirplaneTest" name="engine" time="0.13"/>
  <testcase classname="com.costa.luiz.testng.AirplaneTest" name="engine" time="0.007"/>
  <testcase classname="com.costa.luiz.testng.AirplaneTest" name="engine" time="0.005"/>
  <testcase classname="com.costa.luiz.testng.AirplaneTest" name="brakes" time="0.004"/>
  <testcase classname="com.costa.luiz.testng.AirplaneTest" name="entertainmentSystem" time="29.443"/>
</testsuite> <!-- Default test -->
