<?xml version="1.0" encoding="UTF-8"?>
<testng-results ignored="0" total="5" passed="5" failed="0" skipped="0">
  <reporter-output>
  </reporter-output>
  <suite started-at="2022-08-25T04:36:02 BDT" name="Default suite" finished-at="2022-08-25T04:36:32 BDT" duration-ms="29869">
    <groups>
    </groups>
    <test started-at="2022-08-25T04:36:02 BDT" name="Default test" finished-at="2022-08-25T04:36:32 BDT" duration-ms="29869">
      <class name="com.costa.luiz.testng.AirplaneTest">
        <test-method signature="engine(java.lang.String, int)[pri:0, instance:com.costa.luiz.testng.AirplaneTest@4ae263bf]" started-at="2022-08-25T04:36:03 BDT" name="engine" data-provider="engineProvider" finished-at="2022-08-25T04:36:03 BDT" duration-ms="130" status="PASS">
          <params>
            <param index="0">
              <value>
                <![CDATA[Rolls-Royce]]>
              </value>
            </param>
            <param index="1">
              <value>
                <![CDATA[100]]>
              </value>
            </param>
          </params>
          <reporter-output>
          </reporter-output>
        </test-method> <!-- engine -->
        <test-method signature="engine(java.lang.String, int)[pri:0, instance:com.costa.luiz.testng.AirplaneTest@4ae263bf]" started-at="2022-08-25T04:36:03 BDT" name="engine" data-provider="engineProvider" finished-at="2022-08-25T04:36:03 BDT" duration-ms="7" status="PASS">
          <params>
            <param index="0">
              <value>
                <![CDATA[General Electric]]>
              </value>
            </param>
            <param index="1">
              <value>
                <![CDATA[99]]>
              </value>
            </param>
          </params>
          <reporter-output>
          </reporter-output>
        </test-method> <!-- engine -->
        <test-method signature="engine(java.lang.String, int)[pri:0, instance:com.costa.luiz.testng.AirplaneTest@4ae263bf]" started-at="2022-08-25T04:36:03 BDT" name="engine" data-provider="engineProvider" finished-at="2022-08-25T04:36:03 BDT" duration-ms="5" status="PASS">
          <params>
            <param index="0">
              <value>
                <![CDATA[Pratt & Whitney]]>
              </value>
            </param>
            <param index="1">
              <value>
                <![CDATA[200]]>
              </value>
            </param>
          </params>
          <reporter-output>
          </reporter-output>
        </test-method> <!-- engine -->
        <test-method signature="brakes()[pri:1, instance:com.costa.luiz.testng.AirplaneTest@4ae263bf]" started-at="2022-08-25T04:36:03 BDT" name="brakes" finished-at="2022-08-25T04:36:03 BDT" duration-ms="4" status="PASS">
          <reporter-output>
          </reporter-output>
        </test-method> <!-- brakes -->
        <test-method signature="entertainmentSystem()[pri:2, instance:com.costa.luiz.testng.AirplaneTest@4ae263bf]" started-at="2022-08-25T04:36:03 BDT" name="entertainmentSystem" finished-at="2022-08-25T04:36:32 BDT" duration-ms="29443" status="PASS">
          <reporter-output>
          </reporter-output>
        </test-method> <!-- entertainmentSystem -->
      </class> <!-- com.costa.luiz.testng.AirplaneTest -->
    </test> <!-- Default test -->
  </suite> <!-- Default suite -->
</testng-results>
